app/build/intermediates/manifest_merge_blame_file/debug/manifest-merger-blame-debug-report.txt
1<?xml version="1.0" encoding="utf-8"?>
2<manifest xmlns:android="http://schemas.android.com/apk/res/android"
3    package="com.truemlgpro.wifiinfo"
4    android:versionCode="1"
5    android:versionName="1.3.0.1" >
6
7    <uses-sdk
7-->src\main\AndroidManifest.xml:5:2-44
8        android:minSdkVersion="21"
8-->src\main\AndroidManifest.xml:5:2-44
9        android:targetSdkVersion="29" />
9-->src\main\AndroidManifest.xml:5:12-41
10
11    <uses-permission android:name="android.permission.ACCESS_WIFI_STATE" />
11-->src\main\AndroidManifest.xml:7:2-73
11-->src\main\AndroidManifest.xml:7:19-70
12    <uses-permission android:name="android.permission.ACCESS_NETWORK_STATE" />
12-->src\main\AndroidManifest.xml:8:2-76
12-->src\main\AndroidManifest.xml:8:19-73
13    <uses-permission android:name="android.permission.ACCESS_FINE_LOCATION" />
13-->src\main\AndroidManifest.xml:9:2-76
13-->src\main\AndroidManifest.xml:9:19-73
14    <uses-permission android:name="android.permission.ACCESS_COARSE_LOCATION" />
14-->src\main\AndroidManifest.xml:10:2-78
14-->src\main\AndroidManifest.xml:10:19-75
15    <uses-permission android:name="android.permission.ACCESS_BACKGROUND_LOCATION" />
15-->src\main\AndroidManifest.xml:11:2-82
15-->src\main\AndroidManifest.xml:11:19-79
16    <uses-permission android:name="android.permission.INTERNET" />
16-->src\main\AndroidManifest.xml:12:2-64
16-->src\main\AndroidManifest.xml:12:19-61
17    <uses-permission android:name="android.permission.FOREGROUND_SERVICE" />
17-->src\main\AndroidManifest.xml:13:2-74
17-->src\main\AndroidManifest.xml:13:19-71
18    <uses-permission android:name="android.permission.RECEIVE_BOOT_COMPLETED" />
18-->src\main\AndroidManifest.xml:14:2-78
18-->src\main\AndroidManifest.xml:14:19-75
19
20    <application
20-->src\main\AndroidManifest.xml:16:5-87:19
21        android:allowBackup="true"
21-->[me.anwarshahriar:calligrapher:1.0] AndroidManifest.xml:12:9-35
22        android:appComponentFactory="androidx.core.app.CoreComponentFactory"
22-->[androidx.core:core:1.1.0] AndroidManifest.xml:24:18-86
23        android:debuggable="true"
24        android:icon="@drawable/ic_mip"
24-->src\main\AndroidManifest.xml:17:9-40
25        android:label="@string/app_name"
25-->src\main\AndroidManifest.xml:19:9-41
26        android:roundIcon="@drawable/ic_mip_circle"
26-->src\main\AndroidManifest.xml:18:3-46
27        android:supportsRtl="true"
27-->[me.anwarshahriar:calligrapher:1.0] AndroidManifest.xml:14:9-35
28        android:testOnly="true"
29        android:theme="@style/DarkTheme" >
29-->src\main\AndroidManifest.xml:20:9-41
30        <activity
30-->src\main\AndroidManifest.xml:22:3-30:20
31            android:name="com.truemlgpro.wifiinfo.SplashActivity"
31-->src\main\AndroidManifest.xml:23:13-66
32            android:screenOrientation="portrait" >
32-->src\main\AndroidManifest.xml:24:4-40
33            <intent-filter>
33-->src\main\AndroidManifest.xml:25:13-29:29
34                <action android:name="android.intent.action.MAIN" />
34-->src\main\AndroidManifest.xml:26:17-69
34-->src\main\AndroidManifest.xml:26:25-66
35
36                <category android:name="android.intent.category.LAUNCHER" />
36-->src\main\AndroidManifest.xml:28:17-77
36-->src\main\AndroidManifest.xml:28:27-74
37            </intent-filter>
38        </activity>
39        <activity
39-->src\main\AndroidManifest.xml:31:3-35:14
40            android:name="com.truemlgpro.wifiinfo.MainActivity"
40-->src\main\AndroidManifest.xml:32:4-55
41            android:label="@string/app_name"
41-->src\main\AndroidManifest.xml:33:4-36
42            android:screenOrientation="portrait" >
42-->src\main\AndroidManifest.xml:34:4-40
43        </activity>
44        <activity
44-->src\main\AndroidManifest.xml:36:3-40:14
45            android:name="com.truemlgpro.wifiinfo.DevInfoActivity"
45-->src\main\AndroidManifest.xml:37:4-58
46            android:label="Developer Info"
46-->src\main\AndroidManifest.xml:38:4-34
47            android:screenOrientation="portrait" >
47-->src\main\AndroidManifest.xml:39:4-40
48        </activity>
49        <activity
49-->src\main\AndroidManifest.xml:41:3-45:14
50            android:name="com.truemlgpro.wifiinfo.DiscordServersActivity"
50-->src\main\AndroidManifest.xml:42:4-65
51            android:label="Discord Servers"
51-->src\main\AndroidManifest.xml:43:4-35
52            android:screenOrientation="portrait" >
52-->src\main\AndroidManifest.xml:44:4-40
53        </activity>
54        <activity
54-->src\main\AndroidManifest.xml:46:3-50:14
55            android:name="com.truemlgpro.wifiinfo.SupportersActivity"
55-->src\main\AndroidManifest.xml:47:4-61
56            android:label="Supporters"
56-->src\main\AndroidManifest.xml:48:4-30
57            android:screenOrientation="portrait" >
57-->src\main\AndroidManifest.xml:49:4-40
58        </activity>
59        <activity
59-->src\main\AndroidManifest.xml:51:3-55:14
60            android:name="com.truemlgpro.wifiinfo.SettingsActivity"
60-->src\main\AndroidManifest.xml:52:4-59
61            android:label="Settings"
61-->src\main\AndroidManifest.xml:53:4-28
62            android:screenOrientation="portrait" >
62-->src\main\AndroidManifest.xml:54:4-40
63        </activity>
64
65        <service
65-->src\main\AndroidManifest.xml:57:3-60:13
66            android:name="com.truemlgpro.wifiinfo.NotificationService"
66-->src\main\AndroidManifest.xml:58:4-39
67            android:enabled="true" >
67-->src\main\AndroidManifest.xml:59:4-26
68        </service>
69        <service
69-->src\main\AndroidManifest.xml:62:3-66:13
70            android:name="com.truemlgpro.wifiinfo.ConnectionStateService"
70-->src\main\AndroidManifest.xml:63:4-42
71            android:enabled="true"
71-->src\main\AndroidManifest.xml:64:4-26
72            android:process=":ConnectionStateProcess" >
72-->src\main\AndroidManifest.xml:65:4-45
73        </service>
74
75        <receiver android:name="com.truemlgpro.wifiinfo.ConnectionStateReceiver" >
75-->src\main\AndroidManifest.xml:68:3-72:14
75-->src\main\AndroidManifest.xml:68:13-52
76            <intent-filter>
76-->src\main\AndroidManifest.xml:69:4-71:20
77                <action android:name="android.net.conn.CONNECTIVITY_CHANGE" />
77-->src\main\AndroidManifest.xml:70:5-67
77-->src\main\AndroidManifest.xml:70:13-64
78            </intent-filter>
79        </receiver>
80        <receiver android:name="com.truemlgpro.wifiinfo.BootReceiver" >
80-->src\main\AndroidManifest.xml:74:3-78:14
80-->src\main\AndroidManifest.xml:74:13-41
81            <intent-filter>
81-->src\main\AndroidManifest.xml:75:4-77:20
82                <action android:name="android.intent.action.BOOT_COMPLETED" />
82-->src\main\AndroidManifest.xml:76:5-67
82-->src\main\AndroidManifest.xml:76:13-64
83            </intent-filter>
84        </receiver>
85        <receiver android:name="com.truemlgpro.wifiinfo.ActionButtonReceiver" >
85-->src\main\AndroidManifest.xml:80:3-85:14
85-->src\main\AndroidManifest.xml:80:13-49
86            <intent-filter>
86-->src\main\AndroidManifest.xml:81:4-84:20
87                <action android:name="ACTION_STOP" />
87-->src\main\AndroidManifest.xml:82:5-42
87-->src\main\AndroidManifest.xml:82:13-39
88                <action android:name="ACTION_NTFC_SETTINGS" />
88-->src\main\AndroidManifest.xml:83:5-51
88-->src\main\AndroidManifest.xml:83:13-48
89            </intent-filter>
90        </receiver>
91    </application>
92
93</manifest>